TN:
SF:src/modules/comments/services/CreateCommentService.ts
FN:10,(anonymous_13)
FN:11,CreateCommentService
FN:13,(anonymous_15)
FNF:3
FNH:0
FNDA:0,(anonymous_13)
FNDA:0,CreateCommentService
FNDA:0,(anonymous_15)
DA:10,0
DA:11,0
DA:13,0
DA:14,0
DA:20,0
DA:22,0
DA:24,0
LF:7
LH:0
BRDA:14,0,0,0
BRF:1
BRH:0
end_of_record
TN:
SF:src/modules/comments/services/CreateUpvoteService.ts
FN:12,(anonymous_14)
FN:13,CreateUpvotesService
FN:15,(anonymous_16)
FNF:3
FNH:0
FNDA:0,(anonymous_14)
FNDA:0,CreateUpvotesService
FNDA:0,(anonymous_16)
DA:3,0
DA:12,0
DA:13,0
DA:15,0
DA:16,0
DA:18,0
DA:19,0
DA:22,0
DA:24,0
DA:26,0
DA:28,0
LF:11
LH:0
BRDA:16,0,0,0
BRDA:18,1,0,0
BRDA:18,1,1,0
BRF:3
BRH:0
end_of_record
TN:
SF:src/modules/comments/services/DeleteUpvoteService.ts
FN:10,(anonymous_14)
FN:11,CreateRemoveUpvoteservice
FN:13,(anonymous_16)
FNF:3
FNH:0
FNDA:0,(anonymous_14)
FNDA:0,CreateRemoveUpvoteservice
FNDA:0,(anonymous_16)
DA:1,0
DA:10,0
DA:11,0
DA:13,0
DA:14,0
DA:19,0
DA:20,0
DA:23,0
DA:25,0
DA:27,0
LF:10
LH:0
BRDA:14,0,0,0
BRDA:19,1,0,0
BRDA:19,1,1,0
BRF:3
BRH:0
end_of_record
TN:
SF:src/modules/users/services/CreateSessionService.ts
FN:20,(anonymous_14)
FN:21,CreateSessionsService
FN:23,(anonymous_16)
FNF:3
FNH:0
FNDA:0,(anonymous_14)
FNDA:0,CreateSessionsService
FNDA:0,(anonymous_16)
DA:1,0
DA:2,0
DA:4,0
DA:6,0
DA:20,0
DA:21,0
DA:23,0
DA:24,0
DA:26,0
DA:27,0
DA:30,0
DA:32,0
DA:33,0
DA:36,0
DA:38,0
DA:43,0
DA:48,0
DA:50,0
LF:18
LH:0
BRDA:24,0,0,0
BRDA:26,1,0,0
BRDA:26,1,1,0
BRDA:32,2,0,0
BRDA:32,2,1,0
BRF:5
BRH:0
end_of_record
TN:
SF:src/modules/users/services/CreateUserService.ts
FN:13,(anonymous_14)
FN:14,CreateUserService
FN:16,(anonymous_16)
FNF:3
FNH:3
FNDA:1,(anonymous_14)
FNDA:1,CreateUserService
FNDA:1,(anonymous_16)
DA:1,1
DA:4,1
DA:13,1
DA:14,1
DA:16,1
DA:17,1
DA:19,1
DA:20,0
DA:23,1
DA:25,1
DA:27,1
DA:29,1
DA:31,1
LF:13
LH:12
BRDA:17,0,0,1
BRDA:19,1,0,0
BRDA:19,1,1,1
BRF:3
BRH:2
end_of_record
